2025-11-04 11:13:53 [TEST] [INFO] Connected to vCenter servers: ukprim098.bfl.local, usprim004.bfl.local, ieprim018.bfl.local
2025-11-04 11:13:53 [TEST] [INFO] Script started in TEST MODE - no changes will be made
2025-11-04 11:13:53 [TEST] [INFO] Getting VM inventory data
2025-11-04 11:14:27 [TEST] [INFO] Exported VM discovery list to C:\Users\GrWay\OneDrive - Beazley Group\Documents\Scripts\DeploymentScript\Logs\DecomLogs\Reports\DECOMList_04112025_1114.csv
2025-11-04 11:14:27 [TEST] [INFO] Starting decommission process for 6 servers
2025-11-04 11:14:27 [TEST] [INFO] Processing server: UKPRAP304
2025-11-04 11:14:29 [TEST] [INFO] Checking SCOM registration for UKPRAP304.bfl.local on UKPRAP184
2025-11-04 11:14:31 [TEST] [INFO] SCOM agent not found for UKPRAP304.bfl.local
2025-11-04 11:14:31 [TEST] [INFO] TEST: Would shut down VM UKPRAP304 and append timestamp to Notes
2025-11-04 11:14:33 [TEST] [INFO] No Windows Update groups found for UKPRAP304
2025-11-04 11:14:33 [TEST] [INFO] Completed processing: UKPRAP304
2025-11-04 11:14:33 [TEST] [INFO] Processing server: UKPRAP215
2025-11-04 11:14:36 [TEST] [INFO] Checking SCOM registration for UKPRAP215.bfl.local on UKPRAP184
2025-11-04 11:14:45 [TEST] [INFO] TEST: Would remove SCOM agent for UKPRAP215.bfl.local
2025-11-04 11:14:49 [TEST] [INFO] VM UKPRAP215 last powered off: 10/24/2025 15:44:22 (10.8 days ago)
2025-11-04 11:14:55 [TEST] [INFO] No DNS records found for UKPRAP215.bfl.local
2025-11-04 11:14:56 [TEST] [INFO] No Windows Update groups found for UKPRAP215
2025-11-04 11:14:56 [TEST] [INFO] Completed processing: UKPRAP215
2025-11-04 11:14:56 [TEST] [INFO] Processing server: UKDVAP128
2025-11-04 11:14:57 [TEST] [INFO] No FQDN found in AD for UKDVAP128 - skipping SCOM check
2025-11-04 11:14:57 [TEST] [INFO] TEST: Would shut down VM UKDVAP128 and append timestamp to Notes
2025-11-04 11:14:59 [TEST] [WARN] AD lookup failed for UKDVAP128
2025-11-04 11:14:59 [TEST] [INFO] Completed processing: UKDVAP128
2025-11-04 11:14:59 [TEST] [INFO] Processing server: UKPRDB095
2025-11-04 11:15:00 [TEST] [INFO] Checking SCOM registration for UKPRDB095.bfl.local on UKPRAP184
2025-11-04 11:15:02 [TEST] [INFO] SCOM agent not found for UKPRDB095.bfl.local
2025-11-04 11:15:06 [TEST] [INFO] VM UKPRDB095 last powered off: 10/24/2025 15:47:23 (10.8 days ago)
2025-11-04 11:15:11 [TEST] [INFO] No DNS records found for UKPRDB095.bfl.local
2025-11-04 11:15:13 [TEST] [INFO] No Windows Update groups found for UKPRDB095
2025-11-04 11:15:13 [TEST] [INFO] Completed processing: UKPRDB095
2025-11-04 11:15:13 [TEST] [INFO] Processing server: UKDVAP081 - Claim Center SQL/WEB
2025-11-04 11:15:14 [TEST] [INFO] No FQDN found in AD for UKDVAP081 - Claim Center SQL/WEB - skipping SCOM check
2025-11-04 11:15:14 [TEST] [INFO] TEST: Would shut down VM UKDVAP081 - Claim Center SQL/WEB and append timestamp to Notes
2025-11-04 11:15:15 [TEST] [WARN] AD lookup failed for UKDVAP081 - Claim Center SQL/WEB
2025-11-04 11:15:15 [TEST] [INFO] Completed processing: UKDVAP081 - Claim Center SQL/WEB
2025-11-04 11:15:15 [TEST] [INFO] Processing server: UKPRAP216
2025-11-04 11:15:17 [TEST] [INFO] Checking SCOM registration for UKPRAP216.bfl.local on UKPRAP184
2025-11-04 11:15:26 [TEST] [INFO] TEST: Would remove SCOM agent for UKPRAP216.bfl.local
2025-11-04 11:15:30 [TEST] [INFO] VM UKPRAP216 last powered off: 10/24/2025 15:43:06 (10.8 days ago)
2025-11-04 11:15:36 [TEST] [INFO] No DNS records found for UKPRAP216.bfl.local
2025-11-04 11:15:37 [TEST] [INFO] No Windows Update groups found for UKPRAP216
2025-11-04 11:15:37 [TEST] [INFO] Completed processing: UKPRAP216
2025-11-04 11:15:37 [TEST] [INFO] Results exported to: C:\Users\GrWay\OneDrive - Beazley Group\Documents\Scripts\DeploymentScript\Logs\DecomLogs\Reports\ServerStatus_Report_20251104_111344-ALL.csv
2025-11-04 11:15:37 [TEST] [INFO] Decommission process completed in TEST MODE
2025-11-04 11:15:37 [TEST] [INFO] Disconnected from vCenter servers
